app/build/intermediates/manifest_merge_blame_file/debug/manifest-merger-blame-debug-report.txt
1<?xml version="1.0" encoding="utf-8"?>
2<manifest xmlns:android="http://schemas.android.com/apk/res/android"
3    package="si.uni_lj.fe.tnuv.spendless"
4    android:versionCode="1"
5    android:versionName="1.0" >
6
7    <uses-sdk
8        android:minSdkVersion="16"
8-->src\main\AndroidManifest.xml
9        android:targetSdkVersion="29" />
9-->src\main\AndroidManifest.xml
10
11    <uses-permission android:name="android.permission.INTERNET" />
11-->src\main\AndroidManifest.xml:5:5-66
11-->src\main\AndroidManifest.xml:5:22-64
12
13    <application
13-->src\main\AndroidManifest.xml:7:5-23:19
14        android:allowBackup="true"
14-->src\main\AndroidManifest.xml:9:9-35
15        android:appComponentFactory="androidx.core.app.CoreComponentFactory"
15-->[androidx.core:core:1.1.0] AndroidManifest.xml:24:18-86
16        android:debuggable="true"
17        android:icon="@mipmap/starting_icon"
17-->src\main\AndroidManifest.xml:11:9-45
18        android:label="@string/app_name"
18-->src\main\AndroidManifest.xml:10:9-41
19        android:supportsRtl="true"
19-->src\main\AndroidManifest.xml:12:9-35
20        android:testOnly="true"
21        android:theme="@style/AppTheme"
21-->src\main\AndroidManifest.xml:13:9-40
22        android:usesCleartextTraffic="true" >
22-->src\main\AndroidManifest.xml:8:9-44
23        <activity
23-->src\main\AndroidManifest.xml:14:9-94
24            android:name="si.uni_lj.fe.tnuv.spendless.Categories"
24-->src\main\AndroidManifest.xml:14:19-45
25            android:screenOrientation="portrait" />
25-->src\main\AndroidManifest.xml:14:46-82
26        <activity
26-->src\main\AndroidManifest.xml:15:9-89
27            android:name="si.uni_lj.fe.tnuv.spendless.Graph"
27-->src\main\AndroidManifest.xml:15:19-40
28            android:screenOrientation="portrait" />
28-->src\main\AndroidManifest.xml:15:41-77
29        <activity
29-->src\main\AndroidManifest.xml:16:9-22:20
30            android:name="si.uni_lj.fe.tnuv.spendless.MainActivity"
30-->src\main\AndroidManifest.xml:16:19-47
31            android:screenOrientation="portrait" >
31-->src\main\AndroidManifest.xml:16:48-84
32            <intent-filter>
32-->src\main\AndroidManifest.xml:17:13-21:29
33                <action android:name="android.intent.action.MAIN" />
33-->src\main\AndroidManifest.xml:18:17-69
33-->src\main\AndroidManifest.xml:18:25-66
34
35                <category android:name="android.intent.category.LAUNCHER" />
35-->src\main\AndroidManifest.xml:20:17-77
35-->src\main\AndroidManifest.xml:20:27-74
36            </intent-filter>
37        </activity>
38    </application>
39
40</manifest>